<?xml version="1.0" encoding="UTF-8"?>
<!-- Generated by org.testng.reporters.JUnitReportReporter -->
<testsuite skipped="0" hostname="CMDSKAUSHALYA" name="com.imanjana.JavaY" tests="1" failures="0" timestamp="11 Jan 2019 06:56:52 GMT" time="3.355" errors="0">
  <testcase name="b" time="3.355" classname="com.imanjana.JavaY"/>
</testsuite> <!-- com.imanjana.JavaY -->
